<?xml version="1.0" encoding="UTF-8"?>
<!-- Generated by org.testng.reporters.JUnitReportReporter -->
<testsuite hostname="Swaraj" failures="0" tests="3" name="test.Tooltip_test" time="1.359" errors="0" timestamp="2024-09-27T22:05:14 IST" skipped="0">
  <testcase classname="test.Tooltip_test" name="clickonWIDGET" time="0.808"/>
  <testcase classname="test.Tooltip_test" name="clickonTOOLtip" time="0.372"/>
  <testcase classname="test.Tooltip_test" name="tooltiptitle" time="0.179"/>
</testsuite> <!-- test.Tooltip_test -->
