<?xml version="1.0" encoding="UTF-8"?>
<!-- Generated by org.testng.reporters.JUnitReportReporter -->
<testsuite hostname="Swaraj" failures="0" tests="6" name="test.Alerst_test" time="8.625" errors="0" timestamp="2024-10-01T00:01:59 IST" skipped="0">
  <testcase classname="test.Alerst_test" name="clickon_alertandwindowstest" time="0.606"/>
  <testcase classname="test.Alerst_test" name="clickonAlertstest" time="0.492"/>
  <testcase classname="test.Alerst_test" name="clickonSeealerttest" time="0.409"/>
  <testcase classname="test.Alerst_test" name="Clickafter5sectest" time="5.675"/>
  <testcase classname="test.Alerst_test" name="confirm_boxtest" time="0.464"/>
  <testcase classname="test.Alerst_test" name="clickon_promptboxtest6" time="0.979"/>
</testsuite> <!-- test.Alerst_test -->
