<?xml version="1.0" encoding="UTF-8"?>
<!-- Generated by org.testng.reporters.JUnitReportReporter -->
<testsuite hostname="Swaraj" failures="0" tests="4" name="test.FramesTest" time="1.924" errors="0" timestamp="2022-11-17T21:09:57 IST" skipped="0">
  <testcase classname="test.FramesTest" name="clickframewindow" time="0.559"/>
  <system-out/>
  <testcase classname="test.FramesTest" name="clickonframe" time="0.648"/>
  <system-out/>
  <testcase classname="test.FramesTest" name="clickpframe" time="0.386"/>
  <system-out/>
  <testcase classname="test.FramesTest" name="clickcframe" time="0.331"/>
  <system-out/>
</testsuite> <!-- test.FramesTest -->
