<?xml version="1.0" encoding="UTF-8"?>
<!-- Generated by org.testng.reporters.JUnitReportReporter -->
<testsuite hostname="Swaraj" failures="0" tests="3" name="test.NestedFrameTest" time="21.763" errors="0" timestamp="2022-11-17T22:47:33 IST" skipped="0">
  <testcase classname="test.NestedFrameTest" name="clickframewindow" time="0.800"/>
  <system-out/>
  <testcase classname="test.NestedFrameTest" name="clickonNestedframe" time="0.477"/>
  <system-out/>
  <testcase classname="test.NestedFrameTest" name="nestedframe" time="20.486"/>
  <system-out/>
</testsuite> <!-- test.NestedFrameTest -->
