<?xml version="1.0" encoding="UTF-8"?>
<!-- Generated by org.testng.reporters.JUnitReportReporter -->
<testsuite hostname="Swaraj" failures="0" tests="4" name="test.WebTables_test" time="15.820" errors="0" timestamp="2022-11-07T16:56:15 IST" skipped="0">
  <testcase classname="test.WebTables_test" name="clickonelement" time="0.263"/>
  <system-out/>
  <testcase classname="test.WebTables_test" name="clickonwebtable" time="0.371"/>
  <system-out/>
  <testcase classname="test.WebTables_test" name="fillDetails" time="7.921"/>
  <system-out/>
  <testcase classname="test.WebTables_test" name="updateDetails" time="7.265"/>
  <system-out/>
</testsuite> <!-- test.WebTables_test -->
