<?xml version="1.0" encoding="UTF-8"?>
<!-- Generated by org.testng.reporters.JUnitReportReporter -->
<testsuite hostname="Swaraj" failures="0" tests="5" name="test.AccordionTest" time="5.868" errors="0" timestamp="2022-11-30T22:57:09 IST" skipped="0">
  <testcase classname="test.AccordionTest" name="clickonwedgits" time="0.851"/>
  <system-out/>
  <testcase classname="test.AccordionTest" name="clickonaccordion" time="0.606"/>
  <system-out/>
  <testcase classname="test.AccordionTest" name="clickonparagraph1" time="1.527"/>
  <system-out/>
  <testcase classname="test.AccordionTest" name="clickonparagraph2" time="1.711"/>
  <system-out/>
  <testcase classname="test.AccordionTest" name="clickonparagraph3" time="1.173"/>
  <system-out/>
</testsuite> <!-- test.AccordionTest -->
