<?xml version="1.0" encoding="UTF-8"?>
<!-- Generated by org.testng.reporters.JUnitReportReporter -->
<testsuite hostname="Swaraj" failures="0" tests="3" name="test.Upload_downolad_test" time="6.561" errors="0" timestamp="2024-10-07T19:04:30 IST" skipped="0">
  <testcase classname="test.Upload_downolad_test" name="clickonelement" time="1.132"/>
  <testcase classname="test.Upload_downolad_test" name="clickonuploadandownolad" time="0.933"/>
  <testcase classname="test.Upload_downolad_test" name="clickonchoosefile" time="4.496"/>
</testsuite> <!-- test.Upload_downolad_test -->
