<?xml version="1.0" encoding="UTF-8"?>
<!-- Generated by org.testng.reporters.JUnitReportReporter -->
<testsuite hostname="Swaraj" failures="0" tests="2" name="test.Logintest" time="0.090" errors="0" timestamp="2024-09-27T23:13:25 IST" skipped="0">
  <testcase classname="test.Logintest" name="verify_URL" time="0.045"/>
  <testcase classname="test.Logintest" name="getverify_title" time="0.045"/>
</testsuite> <!-- test.Logintest -->
