<?xml version="1.0" encoding="UTF-8"?>
<!-- Generated by org.testng.reporters.JUnitReportReporter -->
<testsuite hostname="Swaraj" failures="0" tests="5" name="test.Browser_windowstest" time="4.177" errors="0" timestamp="2024-09-26T22:14:49 IST" skipped="0">
  <testcase classname="test.Browser_windowstest" name="clickon_alertandwindowstest" time="0.472"/>
  <testcase classname="test.Browser_windowstest" name="clickonBrowserwindowstest" time="0.582"/>
  <testcase classname="test.Browser_windowstest" name="clickon_newtabtest" time="0.862"/>
  <testcase classname="test.Browser_windowstest" name="clickonNEWwindowstest" time="1.076"/>
  <testcase classname="test.Browser_windowstest" name="clickonNEWwindowstabtest" time="1.185"/>
</testsuite> <!-- test.Browser_windowstest -->
