<?xml version="1.0" encoding="UTF-8"?>
<!-- Generated by org.testng.reporters.JUnitReportReporter -->
<testsuite hostname="Swaraj" failures="0" tests="3" name="test.ProgressbarTest" time="3.281" errors="0" timestamp="2022-12-01T22:43:20 IST" skipped="0">
  <testcase classname="test.ProgressbarTest" name="clickonwedgits" time="0.831"/>
  <system-out/>
  <testcase classname="test.ProgressbarTest" name="clickonprogressbar" time="0.578"/>
  <system-out/>
  <testcase classname="test.ProgressbarTest" name="clickonstartbutton" time="1.872"/>
  <system-out/>
</testsuite> <!-- test.ProgressbarTest -->
