<?xml version="1.0" encoding="UTF-8"?>
<!-- Generated by org.testng.reporters.JUnitReportReporter -->
<testsuite hostname="Swaraj" failures="0" tests="5" name="test.Radiobutton_test" time="1.620" errors="0" timestamp="2022-11-07T16:57:28 IST" skipped="0">
  <testcase classname="test.Radiobutton_test" name="clickonelement" time="0.304"/>
  <system-out/>
  <testcase classname="test.Radiobutton_test" name="clickonradiobutton" time="0.426"/>
  <system-out/>
  <testcase classname="test.Radiobutton_test" name="clickonyesbutton" time="0.356"/>
  <system-out/>
  <testcase classname="test.Radiobutton_test" name="clickonimpressivebutton" time="0.276"/>
  <system-out/>
  <testcase classname="test.Radiobutton_test" name="clickonnobutton" time="0.258"/>
  <system-out/>
</testsuite> <!-- test.Radiobutton_test -->
