<?xml version="1.0" encoding="UTF-8"?>
<!-- Generated by org.testng.reporters.JUnitReportReporter -->
<testsuite hostname="Swaraj" failures="0" tests="1" name="test.Logintest" time="0.610" errors="0" timestamp="2022-12-30T16:52:10 IST" skipped="0">
  <testcase classname="test.Logintest" name="getverifyTile" time="0.610"/>
  <system-out/>
</testsuite> <!-- test.Logintest -->
