<?xml version="1.0" encoding="UTF-8"?>
<!-- Generated by org.testng.reporters.JUnitReportReporter -->
<testsuite hostname="Swaraj" failures="0" tests="3" name="test.Link_pagetest" time="4.721" errors="0" timestamp="2024-09-25T23:11:05 IST" skipped="0">
  <testcase classname="test.Link_pagetest" name="clickonelement" time="0.424"/>
  <testcase classname="test.Link_pagetest" name="clickonlink" time="0.497"/>
  <testcase classname="test.Link_pagetest" name="clickondemo" time="3.800"/>
</testsuite> <!-- test.Link_pagetest -->
