<?xml version="1.0" encoding="UTF-8"?>
<!-- Generated by org.testng.reporters.JUnitReportReporter -->
<testsuite hostname="Swaraj" failures="0" tests="10" name="test.LinksTest" time="6.424" errors="0" timestamp="2022-11-09T20:10:45 IST" skipped="0">
  <testcase classname="test.LinksTest" name="clickonelement" time="0.476"/>
  <system-out/>
  <testcase classname="test.LinksTest" name="clickonlinkbutton" time="0.539"/>
  <system-out/>
  <testcase classname="test.LinksTest" name="demopage" time="2.085"/>
  <system-out/>
  <testcase classname="test.LinksTest" name="clickoncreated" time="0.683"/>
  <system-out/>
  <testcase classname="test.LinksTest" name="clickonnocontent" time="0.449"/>
  <system-out/>
  <testcase classname="test.LinksTest" name="clickonmoved" time="0.477"/>
  <system-out/>
  <testcase classname="test.LinksTest" name="clickonbedrequest" time="0.451"/>
  <system-out/>
  <testcase classname="test.LinksTest" name="clickonunauthorized" time="0.422"/>
  <system-out/>
  <testcase classname="test.LinksTest" name="clickonforbiddon" time="0.428"/>
  <system-out/>
  <testcase classname="test.LinksTest" name="clickonnotfound" time="0.414"/>
  <system-out/>
</testsuite> <!-- test.LinksTest -->
