<?xml version="1.0" encoding="UTF-8"?>
<!-- Generated by org.testng.reporters.JUnitReportReporter -->
<testsuite hostname="Swaraj" failures="0" tests="4" name="test.WebtableTest" time="18.033" errors="0" timestamp="2024-09-27T22:18:23 IST" skipped="0">
  <testcase classname="test.WebtableTest" name="clickonelement" time="0.191"/>
  <testcase classname="test.WebtableTest" name="clickonwebtables" time="0.438"/>
  <testcase classname="test.WebtableTest" name="webtablesdetailswithproperties" time="10.772"/>
  <testcase classname="test.WebtableTest" name="updatedetails" time="6.632"/>
</testsuite> <!-- test.WebtableTest -->
