<?xml version="1.0" encoding="UTF-8"?>
<!-- Generated by org.testng.reporters.JUnitReportReporter -->
<testsuite hostname="Swaraj" failures="0" tests="3" name="test.UploadTest" time="6.698" errors="0" timestamp="2022-11-10T19:06:16 IST" skipped="0">
  <testcase classname="test.UploadTest" name="clickonelement" time="0.898"/>
  <system-out/>
  <testcase classname="test.UploadTest" name="clickonuploadbutton" time="0.734"/>
  <system-out/>
  <testcase classname="test.UploadTest" name="selectfile" time="5.066"/>
  <system-out/>
</testsuite> <!-- test.UploadTest -->
