<?xml version="1.0" encoding="UTF-8"?>
<!-- Generated by org.testng.reporters.JUnitReportReporter -->
<testsuite hostname="Swaraj" failures="0" tests="5" name="test.BrowserWindowTest" time="7.287" errors="0" timestamp="2022-11-08T15:41:38 IST" skipped="0">
  <testcase classname="test.BrowserWindowTest" name="alertbutton" time="1.231"/>
  <system-out/>
  <testcase classname="test.BrowserWindowTest" name="browerwinbutton" time="0.839"/>
  <system-out/>
  <testcase classname="test.BrowserWindowTest" name="newtab" time="1.201"/>
  <system-out/>
  <testcase classname="test.BrowserWindowTest" name="newWindow" time="1.388"/>
  <system-out/>
  <testcase classname="test.BrowserWindowTest" name="newWinMassage" time="2.628"/>
  <system-out/>
</testsuite> <!-- test.BrowserWindowTest -->
