<?xml version="1.0" encoding="UTF-8"?>
<!-- Generated by org.testng.reporters.JUnitReportReporter -->
<testsuite hostname="Swaraj" failures="0" tests="3" name="test.TabsTest" time="5.953" errors="0" timestamp="2022-12-01T23:31:35 IST" skipped="0">
  <testcase classname="test.TabsTest" name="clickonwedgits" time="0.536"/>
  <system-out/>
  <testcase classname="test.TabsTest" name="tabs" time="1.705"/>
  <system-out/>
  <testcase classname="test.TabsTest" name="clickontab1" time="3.712"/>
  <system-out/>
</testsuite> <!-- test.TabsTest -->
