<?xml version="1.0" encoding="UTF-8"?>
<!-- Generated by org.testng.reporters.JUnitReportReporter -->
<testsuite hostname="Swaraj" failures="0" tests="3" name="test.ToolTipTest" time="3.481" errors="0" timestamp="2022-12-01T14:00:06 IST" skipped="0">
  <testcase classname="test.ToolTipTest" name="clickonwedgits" time="0.797"/>
  <system-out/>
  <testcase classname="test.ToolTipTest" name="clickontooltip" time="0.552"/>
  <system-out/>
  <testcase classname="test.ToolTipTest" name="clickonhoverbutton" time="2.132"/>
  <system-out/>
</testsuite> <!-- test.ToolTipTest -->
