<?xml version="1.0" encoding="UTF-8"?>
<!-- Generated by org.testng.reporters.JUnitReportReporter -->
<testsuite hostname="Swaraj" failures="0" tests="6" name="test.AlertsTest" time="12.275" errors="0" timestamp="2022-11-08T15:37:50 IST" skipped="0">
  <testcase classname="test.AlertsTest" name="clickonalertbutton" time="1.064"/>
  <system-out/>
  <testcase classname="test.AlertsTest" name="clickmealert" time="1.013"/>
  <system-out/>
  <testcase classname="test.AlertsTest" name="clickme" time="1.619"/>
  <system-out/>
  <testcase classname="test.AlertsTest" name="clickonaftersec" time="6.720"/>
  <system-out/>
  <testcase classname="test.AlertsTest" name="clickonconfirm" time="0.857"/>
  <system-out/>
  <testcase classname="test.AlertsTest" name="clockonmyprompt" time="1.002"/>
  <system-out/>
</testsuite> <!-- test.AlertsTest -->
